{"meta": {"format": 3, "version": "7.15.4", "timestamp": "2026-08-15T22:16:20.695574", "branch_coverage": false, "show_contexts": false}, "files": {"scraper\\availability_spider.py": {"executed_lines": [1, 2, 3, 5, 10, 29, 30, 31, 33, 34, 36, 37, 38, 39, 40, 42, 43, 45, 51, 52, 53, 57, 58, 59, 63, 72, 74, 75, 77, 78, 79, 81, 82, 84], "summary": {"covered_lines": 34, "num_statements": 44, "percent_covered": 77.27272727272727, "percent_covered_display": "77", "missing_lines": 10, "excluded_lines": 0, "percent_statements_covered": 77.27272727272727, "percent_statements_covered_display": "77"}, "missing_lines": [11, 12, 14, 15, 22, 26, 27, 54, 60, 85], "excluded_lines": [], "functions": {"run_playwright": {"executed_lines": [], "summary": {"covered_lines": 0, "num_statements": 7, "percent_covered": 0.0, "percent_covered_display": "0", "missing_lines": 7, "excluded_lines": 0, "percent_statements_covered": 0.0, "percent_statements_covered_display": "0"}, "missing_lines": [11, 12, 14, 15, 22, 26, 27], "excluded_lines": [], "start_line": 10}, "scrape_availability": {"executed_lines": [30, 31, 33, 34, 36, 37, 38, 39, 40, 42, 43, 45, 51, 52, 53, 57, 58, 59, 63, 72, 74, 75, 77, 78, 79, 81, 82], "summary": {"covered_lines": 27, "num_statements": 29, "percent_covered": 93.10344827586206, "percent_covered_display": "93", "missing_lines": 2, "excluded_lines": 0, "percent_statements_covered": 93.10344827586206, "percent_statements_covered_display": "93"}, "missing_lines": [54, 60], "excluded_lines": [], "start_line": 29}, "": {"executed_lines": [1, 2, 3, 5, 10, 29, 84], "summary": {"covered_lines": 7, "num_statements": 8, "percent_covered": 87.5, "percent_covered_display": "88", "missing_lines": 1, "excluded_lines": 0, "percent_statements_covered": 87.5, "percent_statements_covered_display": "88"}, "missing_lines": [85], "excluded_lines": [], "start_line": 1}}, "classes": {"": {"executed_lines": [1, 2, 3, 5, 10, 29, 30, 31, 33, 34, 36, 37, 38, 39, 40, 42, 43, 45, 51, 52, 53, 57, 58, 59, 63, 72, 74, 75, 77, 78, 79, 81, 82, 84], "summary": {"covered_lines": 34, "num_statements": 44, "percent_covered": 77.27272727272727, "percent_covered_display": "77", "missing_lines": 10, "excluded_lines": 0, "percent_statements_covered": 77.27272727272727, "percent_statements_covered_display": "77"}, "missing_lines": [11, 12, 14, 15, 22, 26, 27, 54, 60, 85], "excluded_lines": [], "start_line": 1}}}, "scraper\\db.py": {"executed_lines": [1, 2, 3, 4, 7, 10, 11, 13, 14, 15, 17, 19, 21, 24, 27, 28, 31, 32, 35, 36, 38, 39, 40], "summary": {"covered_lines": 23, "num_statements": 24, "percent_covered": 95.83333333333333, "percent_covered_display": "96", "missing_lines": 1, "excluded_lines": 0, "percent_statements_covered": 95.83333333333333, "percent_statements_covered_display": "96"}, "missing_lines": [22], "excluded_lines": [], "functions": {"get_db_connection": {"executed_lines": [19, 21, 24, 27, 28, 31, 32, 35, 36, 38, 39, 40], "summary": {"covered_lines": 12, "num_statements": 13, "percent_covered": 92.3076923076923, "percent_covered_display": "92", "missing_lines": 1, "excluded_lines": 0, "percent_statements_covered": 92.3076923076923, "percent_statements_covered_display": "92"}, "missing_lines": [22], "excluded_lines": [], "start_line": 17}, "": {"executed_lines": [1, 2, 3, 4, 7, 10, 11, 13, 14, 15, 17], "summary": {"covered_lines": 11, "num_statements": 11, "percent_covered": 100.0, "percent_covered_display": "100", "missing_lines": 0, "excluded_lines": 0, "percent_statements_covered": 100.0, "percent_statements_covered_display": "100"}, "missing_lines": [], "excluded_lines": [], "start_line": 1}}, "classes": {"": {"executed_lines": [1, 2, 3, 4, 7, 10, 11, 13, 14, 15, 17, 19, 21, 24, 27, 28, 31, 32, 35, 36, 38, 39, 40], "summary": {"covered_lines": 23, "num_statements": 24, "percent_covered": 95.83333333333333, "percent_covered_display": "96", "missing_lines": 1, "excluded_lines": 0, "percent_statements_covered": 95.83333333333333, "percent_statements_covered_display": "96"}, "missing_lines": [22], "excluded_lines": [], "start_line": 1}}}, "scraper\\logger.py": {"executed_lines": [1, 2, 3, 5, 17, 20, 21, 23, 27, 31, 32, 35, 40, 41, 42, 43, 45, 47, 50, 52, 54, 55, 57, 58, 60], "summary": {"covered_lines": 25, "num_statements": 28, "percent_covered": 89.28571428571429, "percent_covered_display": "89", "missing_lines": 3, "excluded_lines": 0, "percent_statements_covered": 89.28571428571429, "percent_statements_covered_display": "89"}, "missing_lines": [64, 65, 67], "excluded_lines": [], "functions": {"get_logger": {"executed_lines": [17, 20, 21, 23, 27, 31, 32, 35, 40, 41, 42, 43, 45], "summary": {"covered_lines": 13, "num_statements": 13, "percent_covered": 100.0, "percent_covered_display": "100", "missing_lines": 0, "excluded_lines": 0, "percent_statements_covered": 100.0, "percent_statements_covered_display": "100"}, "missing_lines": [], "excluded_lines": [], "start_line": 5}, "CustomLoggerAdapter.process": {"executed_lines": [52, 54, 55, 57, 58], "summary": {"covered_lines": 5, "num_statements": 5, "percent_covered": 100.0, "percent_covered_display": "100", "missing_lines": 0, "excluded_lines": 0, "percent_statements_covered": 100.0, "percent_statements_covered_display": "100"}, "missing_lines": [], "excluded_lines": [], "start_line": 50}, "CustomLoggerAdapter.alert": {"executed_lines": [], "summary": {"covered_lines": 0, "num_statements": 3, "percent_covered": 0.0, "percent_covered_display": "0", "missing_lines": 3, "excluded_lines": 0, "percent_statements_covered": 0.0, "percent_statements_covered_display": "0"}, "missing_lines": [64, 65, 67], "excluded_lines": [], "start_line": 60}, "": {"executed_lines": [1, 2, 3, 5, 47, 50, 60], "summary": {"covered_lines": 7, "num_statements": 7, "percent_covered": 100.0, "percent_covered_display": "100", "missing_lines": 0, "excluded_lines": 0, "percent_statements_covered": 100.0, "percent_statements_covered_display": "100"}, "missing_lines": [], "excluded_lines": [], "start_line": 1}}, "classes": {"CustomLoggerAdapter": {"executed_lines": [52, 54, 55, 57, 58], "summary": {"covered_lines": 5, "num_statements": 8, "percent_covered": 62.5, "percent_covered_display": "62", "missing_lines": 3, "excluded_lines": 0, "percent_statements_covered": 62.5, "percent_statements_covered_display": "62"}, "missing_lines": [64, 65, 67], "excluded_lines": [], "start_line": 47}, "": {"executed_lines": [1, 2, 3, 5, 17, 20, 21, 23, 27, 31, 32, 35, 40, 41, 42, 43, 45, 47, 50, 60], "summary": {"covered_lines": 20, "num_statements": 20, "percent_covered": 100.0, "percent_covered_display": "100", "missing_lines": 0, "excluded_lines": 0, "percent_statements_covered": 100.0, "percent_statements_covered_display": "100"}, "missing_lines": [], "excluded_lines": [], "start_line": 1}}}, "scraper\\news_spider.py": {"executed_lines": [1, 2, 3, 4, 5, 7, 9, 11, 12, 13, 15, 16, 17, 19, 20, 22, 23, 24, 25, 26, 28, 29, 30, 31, 32, 34, 35, 40, 41, 42, 49, 51, 52, 54, 55, 56, 58, 59, 61], "summary": {"covered_lines": 39, "num_statements": 42, "percent_covered": 92.85714285714286, "percent_covered_display": "93", "missing_lines": 3, "excluded_lines": 0, "percent_statements_covered": 92.85714285714286, "percent_statements_covered_display": "93"}, "missing_lines": [36, 37, 62], "excluded_lines": [], "functions": {"scrape_news": {"executed_lines": [12, 13, 15, 16, 17, 19, 20, 22, 23, 24, 25, 26, 28, 29, 30, 31, 32, 34, 35, 40, 41, 42, 49, 51, 52, 54, 55, 56, 58, 59], "summary": {"covered_lines": 30, "num_statements": 32, "percent_covered": 93.75, "percent_covered_display": "94", "missing_lines": 2, "excluded_lines": 0, "percent_statements_covered": 93.75, "percent_statements_covered_display": "94"}, "missing_lines": [36, 37], "excluded_lines": [], "start_line": 11}, "": {"executed_lines": [1, 2, 3, 4, 5, 7, 9, 11, 61], "summary": {"covered_lines": 9, "num_statements": 10, "percent_covered": 90.0, "percent_covered_display": "90", "missing_lines": 1, "excluded_lines": 0, "percent_statements_covered": 90.0, "percent_statements_covered_display": "90"}, "missing_lines": [62], "excluded_lines": [], "start_line": 1}}, "classes": {"": {"executed_lines": [1, 2, 3, 4, 5, 7, 9, 11, 12, 13, 15, 16, 17, 19, 20, 22, 23, 24, 25, 26, 28, 29, 30, 31, 32, 34, 35, 40, 41, 42, 49, 51, 52, 54, 55, 56, 58, 59, 61], "summary": {"covered_lines": 39, "num_statements": 42, "percent_covered": 92.85714285714286, "percent_covered_display": "93", "missing_lines": 3, "excluded_lines": 0, "percent_statements_covered": 92.85714285714286, "percent_statements_covered_display": "93"}, "missing_lines": [36, 37, 62], "excluded_lines": [], "start_line": 1}}}, "scraper\\schedule_spider.py": {"executed_lines": [1, 2, 3, 4, 5, 10, 12, 18, 19, 20, 22, 25, 26, 27, 29, 30, 32, 33, 34, 42, 44, 45, 46, 47, 48, 50, 51, 53], "summary": {"covered_lines": 28, "num_statements": 31, "percent_covered": 90.3225806451613, "percent_covered_display": "90", "missing_lines": 3, "excluded_lines": 0, "percent_statements_covered": 90.3225806451613, "percent_statements_covered_display": "90"}, "missing_lines": [16, 23, 54], "excluded_lines": [], "functions": {"fetch_schedules": {"executed_lines": [], "summary": {"covered_lines": 0, "num_statements": 1, "percent_covered": 0.0, "percent_covered_display": "0", "missing_lines": 1, "excluded_lines": 0, "percent_statements_covered": 0.0, "percent_statements_covered_display": "0"}, "missing_lines": [16], "excluded_lines": [], "start_line": 12}, "scrape_schedules": {"executed_lines": [19, 20, 22, 25, 26, 27, 29, 30, 32, 33, 34, 42, 44, 45, 46, 47, 48, 50, 51], "summary": {"covered_lines": 19, "num_statements": 20, "percent_covered": 95.0, "percent_covered_display": "95", "missing_lines": 1, "excluded_lines": 0, "percent_statements_covered": 95.0, "percent_statements_covered_display": "95"}, "missing_lines": [23], "excluded_lines": [], "start_line": 18}, "": {"executed_lines": [1, 2, 3, 4, 5, 10, 12, 18, 53], "summary": {"covered_lines": 9, "num_statements": 10, "percent_covered": 90.0, "percent_covered_display": "90", "missing_lines": 1, "excluded_lines": 0, "percent_statements_covered": 90.0, "percent_statements_covered_display": "90"}, "missing_lines": [54], "excluded_lines": [], "start_line": 1}}, "classes": {"": {"executed_lines": [1, 2, 3, 4, 5, 10, 12, 18, 19, 20, 22, 25, 26, 27, 29, 30, 32, 33, 34, 42, 44, 45, 46, 47, 48, 50, 51, 53], "summary": {"covered_lines": 28, "num_statements": 31, "percent_covered": 90.3225806451613, "percent_covered_display": "90", "missing_lines": 3, "excluded_lines": 0, "percent_statements_covered": 90.3225806451613, "percent_statements_covered_display": "90"}, "missing_lines": [16, 23, 54], "excluded_lines": [], "start_line": 1}}}, "scraper\\scheduler.py": {"executed_lines": [1, 2, 3, 4, 5, 6, 7, 8, 11, 13, 14, 15, 16, 19, 20, 23, 25, 26, 27, 31, 34, 53, 55, 56, 58, 59, 63, 65, 66, 67, 69, 76, 77, 86, 88, 94, 103, 104, 107, 120, 133, 145, 147, 149, 171], "summary": {"covered_lines": 45, "num_statements": 71, "percent_covered": 63.38028169014085, "percent_covered_display": "63", "missing_lines": 26, "excluded_lines": 0, "percent_statements_covered": 63.38028169014085, "percent_statements_covered_display": "63"}, "missing_lines": [35, 36, 37, 39, 41, 43, 48, 49, 51, 95, 150, 151, 153, 156, 157, 158, 159, 160, 161, 162, 164, 166, 167, 168, 169, 172], "excluded_lines": [], "functions": {"get_job_state": {"executed_lines": [26, 27, 31], "summary": {"covered_lines": 3, "num_statements": 3, "percent_covered": 100.0, "percent_covered_display": "100", "missing_lines": 0, "excluded_lines": 0, "percent_statements_covered": 100.0, "percent_statements_covered_display": "100"}, "missing_lines": [], "excluded_lines": [], "start_line": 25}, "run_with_observability": {"executed_lines": [], "summary": {"covered_lines": 0, "num_statements": 9, "percent_covered": 0.0, "percent_covered_display": "0", "missing_lines": 9, "excluded_lines": 0, "percent_statements_covered": 0.0, "percent_statements_covered_display": "0"}, "missing_lines": [35, 36, 37, 39, 41, 43, 48, 49, 51], "excluded_lines": [], "start_line": 34}, "job_listener": {"executed_lines": [55, 56, 58, 59, 63, 65, 66, 67, 69, 76, 77, 86, 88, 94], "summary": {"covered_lines": 14, "num_statements": 15, "percent_covered": 93.33333333333333, "percent_covered_display": "93", "missing_lines": 1, "excluded_lines": 0, "percent_statements_covered": 93.33333333333333, "percent_statements_covered_display": "93"}, "missing_lines": [95], "excluded_lines": [], "start_line": 53}, "setup_scheduler": {"executed_lines": [104, 107, 120, 133, 145, 147], "summary": {"covered_lines": 6, "num_statements": 6, "percent_covered": 100.0, "percent_covered_display": "100", "missing_lines": 0, "excluded_lines": 0, "percent_statements_covered": 100.0, "percent_statements_covered_display": "100"}, "missing_lines": [], "excluded_lines": [], "start_line": 103}, "start_scheduler": {"executed_lines": [], "summary": {"covered_lines": 0, "num_statements": 15, "percent_covered": 0.0, "percent_covered_display": "0", "missing_lines": 15, "excluded_lines": 0, "percent_statements_covered": 0.0, "percent_statements_covered_display": "0"}, "missing_lines": [150, 151, 153, 156, 157, 158, 159, 160, 161, 162, 164, 166, 167, 168, 169], "excluded_lines": [], "start_line": 149}, "": {"executed_lines": [1, 2, 3, 4, 5, 6, 7, 8, 11, 13, 14, 15, 16, 19, 20, 23, 25, 34, 53, 103, 149, 171], "summary": {"covered_lines": 22, "num_statements": 23, "percent_covered": 95.65217391304348, "percent_covered_display": "96", "missing_lines": 1, "excluded_lines": 0, "percent_statements_covered": 95.65217391304348, "percent_statements_covered_display": "96"}, "missing_lines": [172], "excluded_lines": [], "start_line": 1}}, "classes": {"": {"executed_lines": [1, 2, 3, 4, 5, 6, 7, 8, 11, 13, 14, 15, 16, 19, 20, 23, 25, 26, 27, 31, 34, 53, 55, 56, 58, 59, 63, 65, 66, 67, 69, 76, 77, 86, 88, 94, 103, 104, 107, 120, 133, 145, 147, 149, 171], "summary": {"covered_lines": 45, "num_statements": 71, "percent_covered": 63.38028169014085, "percent_covered_display": "63", "missing_lines": 26, "excluded_lines": 0, "percent_statements_covered": 63.38028169014085, "percent_statements_covered_display": "63"}, "missing_lines": [35, 36, 37, 39, 41, 43, 48, 49, 51, 95, 150, 151, 153, 156, 157, 158, 159, 160, 161, 162, 164, 166, 167, 168, 169, 172], "excluded_lines": [], "start_line": 1}}}}, "totals": {"covered_lines": 194, "num_statements": 240, "percent_covered": 80.83333333333333, "percent_covered_display": "81", "missing_lines": 46, "excluded_lines": 0, "percent_statements_covered": 80.83333333333333, "percent_statements_covered_display": "81"}}