<?xml version="1.0" encoding="utf-8"?><testsuites name="pytest tests"><testsuite name="pytest" errors="0" failures="0" skipped="0" tests="15" time="43.045" timestamp="2026-08-15T22:15:37.666766+05:30" hostname="DESKTOP-O34ORBO"><testcase classname="tests.test_availability_spider" name="test_availability_spider_inserts_links" time="9.607" /><testcase classname="tests.test_availability_spider" name="test_availability_spider_exception_handling" time="0.015" /><testcase classname="tests.test_live_news_spider" name="test_live_news_spider_parsing" time="14.636" /><testcase classname="tests.test_news_spider" name="test_news_spider_success" time="4.492" /><testcase classname="tests.test_news_spider" name="test_news_spider_duplicates" time="5.925" /><testcase classname="tests.test_news_spider" name="test_news_spider_http_500" time="0.003" /><testcase classname="tests.test_news_spider" name="test_news_spider_timeout" time="0.002" /><testcase classname="tests.test_news_spider" name="test_news_spider_malformed_xml" time="0.002" /><testcase classname="tests.test_observability" name="test_observability_consecutive_failures" time="0.002" /><testcase classname="tests.test_observability" name="test_json_log_formatting" time="0.001" /><testcase classname="tests.test_schedule_spider" name="test_schedule_spider_updates_db" time="5.700" /><testcase classname="tests.test_schedule_spider" name="test_schedule_spider_partial_load_no_crash" time="2.334" /><testcase classname="tests.test_scheduler" name="test_scheduler_job_registration" time="0.006" /><testcase classname="tests.test_scheduler" name="test_scheduler_overlap_configuration" time="0.001" /><testcase classname="tests.test_scheduler" name="test_scheduler_manual_execution" time="0.001" /></testsuite></testsuites>